{
	"Name": "/ping",
	"SpanContext": {
		"TraceID": "68e0a4fea2ddeec7c1af61538621ac1d",
		"SpanID": "808315103337a443",
		"TraceFlags": "01",
		"TraceState": "",
		"Remote": false
	},
	"Parent": {
		"TraceID": "00000000000000000000000000000000",
		"SpanID": "0000000000000000",
		"TraceFlags": "00",
		"TraceState": "",
		"Remote": false
	},
	"SpanKind": 2,
	"StartTime": "2024-04-03T00:04:33.828912+09:00",
	"EndTime": "2024-04-03T00:04:33.828996814+09:00",
	"Attributes": [
		{
			"Key": "http.method",
			"Value": {
				"Type": "STRING",
				"Value": "GET"
			}
		},
		{
			"Key": "http.scheme",
			"Value": {
				"Type": "STRING",
				"Value": "http"
			}
		},
		{
			"Key": "net.host.name",
			"Value": {
				"Type": "STRING",
				"Value": "service-name"
			}
		},
		{
			"Key": "net.host.port",
			"Value": {
				"Type": "INT64",
				"Value": 8080
			}
		},
		{
			"Key": "net.sock.peer.addr",
			"Value": {
				"Type": "STRING",
				"Value": "::1"
			}
		},
		{
			"Key": "net.sock.peer.port",
			"Value": {
				"Type": "INT64",
				"Value": 50411
			}
		},
		{
			"Key": "user_agent.original",
			"Value": {
				"Type": "STRING",
				"Value": "curl/8.4.0"
			}
		},
		{
			"Key": "http.target",
			"Value": {
				"Type": "STRING",
				"Value": "/ping"
			}
		},
		{
			"Key": "net.protocol.version",
			"Value": {
				"Type": "STRING",
				"Value": "1.1"
			}
		},
		{
			"Key": "http.route",
			"Value": {
				"Type": "STRING",
				"Value": "/ping"
			}
		},
		{
			"Key": "http.status_code",
			"Value": {
				"Type": "INT64",
				"Value": 200
			}
		}
	],
	"Events": null,
	"Links": null,
	"Status": {
		"Code": "Unset",
		"Description": ""
	},
	"DroppedAttributes": 0,
	"DroppedEvents": 0,
	"DroppedLinks": 0,
	"ChildSpanCount": 0,
	"Resource": [
		{
			"Key": "service.name",
			"Value": {
				"Type": "STRING",
				"Value": "dice"
			}
		},
		{
			"Key": "service.version",
			"Value": {
				"Type": "STRING",
				"Value": "0.1.0"
			}
		},
		{
			"Key": "telemetry.sdk.language",
			"Value": {
				"Type": "STRING",
				"Value": "go"
			}
		},
		{
			"Key": "telemetry.sdk.name",
			"Value": {
				"Type": "STRING",
				"Value": "opentelemetry"
			}
		},
		{
			"Key": "telemetry.sdk.version",
			"Value": {
				"Type": "STRING",
				"Value": "1.24.0"
			}
		}
	],
	"InstrumentationLibrary": {
		"Name": "go.opentelemetry.io/contrib/instrumentation/github.com/gin-gonic/gin/otelgin",
		"Version": "0.49.0",
		"SchemaURL": ""
	}
}
